<?xml version="1.0" encoding="UTF-8"?>
<testng-results ignored="0" total="1" passed="1" failed="0" skipped="0">
  <reporter-output>
  </reporter-output>
  <suite started-at="2024-02-06T01:23:55Z" name="Default suite" finished-at="2024-02-06T01:23:56Z" duration-ms="962">
    <groups>
    </groups>
    <test started-at="2024-02-06T01:23:55Z" name="Default test" finished-at="2024-02-06T01:23:56Z" duration-ms="962">
      <class name="inventoryTests.TC03_VerifyRemoveBtn">
        <test-method is-config="true" signature="startWebPage()[pri:0, instance:inventoryTests.TC03_VerifyRemoveBtn@6ceb7b5e]" started-at="2024-02-05T19:23:55Z" name="startWebPage" finished-at="2024-02-05T19:23:56Z" duration-ms="603" status="PASS">
          <reporter-output>
          </reporter-output>
        </test-method> <!-- startWebPage -->
        <test-method signature="TC03()[pri:0, instance:inventoryTests.TC03_VerifyRemoveBtn@6ceb7b5e]" started-at="2024-02-05T19:23:56Z" name="TC03" finished-at="2024-02-05T19:23:56Z" duration-ms="348" status="PASS">
          <reporter-output>
          </reporter-output>
        </test-method> <!-- TC03 -->
        <test-method is-config="true" signature="closeDriver()[pri:0, instance:inventoryTests.TC03_VerifyRemoveBtn@6ceb7b5e]" started-at="2024-02-05T19:23:56Z" name="closeDriver" finished-at="2024-02-05T19:23:56Z" duration-ms="0" status="PASS">
          <reporter-output>
          </reporter-output>
        </test-method> <!-- closeDriver -->
      </class> <!-- inventoryTests.TC03_VerifyRemoveBtn -->
    </test> <!-- Default test -->
  </suite> <!-- Default suite -->
</testng-results>
