<?xml version="1.0" encoding="UTF-8"?>
<testng-results ignored="0" total="1" passed="1" failed="0" skipped="0">
  <reporter-output>
  </reporter-output>
  <suite started-at="2024-02-21T01:56:37Z" name="Default suite" finished-at="2024-02-21T01:56:38Z" duration-ms="993">
    <groups>
    </groups>
    <test started-at="2024-02-21T01:56:37Z" name="Default test" finished-at="2024-02-21T01:56:38Z" duration-ms="993">
      <class name="loginTest.TC04_LoginJson">
        <test-method is-config="true" signature="startWebPage()[pri:0, instance:loginTest.TC04_LoginJson@1bcf67e8]" started-at="2024-02-20T19:56:37Z" name="startWebPage" finished-at="2024-02-20T19:56:37Z" duration-ms="549" status="PASS">
          <reporter-output>
          </reporter-output>
        </test-method> <!-- startWebPage -->
        <test-method signature="TC01()[pri:0, instance:loginTest.TC04_LoginJson@1bcf67e8]" started-at="2024-02-20T19:56:37Z" name="TC01" finished-at="2024-02-20T19:56:38Z" duration-ms="250" status="PASS">
          <reporter-output>
          </reporter-output>
        </test-method> <!-- TC01 -->
        <test-method is-config="true" signature="closeDriver()[pri:0, instance:loginTest.TC04_LoginJson@1bcf67e8]" started-at="2024-02-20T19:56:38Z" name="closeDriver" finished-at="2024-02-20T19:56:38Z" duration-ms="180" status="PASS">
          <reporter-output>
          </reporter-output>
        </test-method> <!-- closeDriver -->
      </class> <!-- loginTest.TC04_LoginJson -->
    </test> <!-- Default test -->
  </suite> <!-- Default suite -->
</testng-results>
